2015-07-02 11:25:01,329  WARN [ModalContext] - ScalaProject - Project helloworld has platform default sourceLevel.
2015-07-02 11:25:01,331  WARN [ModalContext] - ScalaProject - Project helloworld runs on platform default installation.
2015-07-02 11:25:01,627  WARN [Worker-3] - ScalaProject - Project helloworld has platform default sourceLevel.
2015-07-02 11:25:01,628  WARN [Worker-3] - ScalaProject - Project helloworld runs on platform default installation.
2015-07-02 11:25:19,161  WARN [Worker-3] - ScalaProject - Project helloworld has platform default sourceLevel.
2015-07-02 11:25:19,161  WARN [Worker-3] - ScalaProject - Project helloworld runs on platform default installation.
2015-07-02 11:25:19,180  WARN [Worker-3] - ScalaProject - Project helloworld has platform default sourceLevel.
2015-07-02 11:25:19,180  WARN [Worker-3] - ScalaProject - Project helloworld runs on platform default installation.
2015-07-02 11:25:44,326  WARN [main] - ScalaProject - Project helloworld has platform default sourceLevel.
2015-07-02 11:25:44,326  WARN [main] - ScalaProject - Project helloworld runs on platform default installation.
2015-07-02 11:25:56,091  WARN [Worker-3] - ScalaProject - Project helloworld has platform default sourceLevel.
2015-07-02 11:25:56,091  WARN [Worker-3] - ScalaProject - Project helloworld runs on platform default installation.
2015-07-02 11:25:56,167  WARN [Worker-3] - ScalaProject - Project helloworld has platform default sourceLevel.
2015-07-02 11:25:56,167  WARN [Worker-3] - ScalaProject - Project helloworld runs on platform default installation.
2015-07-02 11:25:56,447  WARN [Java indexing] - ScalaProject - Project helloworld has platform default sourceLevel.
2015-07-02 11:25:56,447  WARN [Java indexing] - ScalaProject - Project helloworld runs on platform default installation.
2015-07-02 11:25:58,268  WARN [Worker-3] - ScalaProject - Project helloworld has platform default sourceLevel.
2015-07-02 11:25:58,268  WARN [Worker-3] - ScalaProject - Project helloworld runs on platform default installation.
2015-07-02 11:25:59,290  WARN [Worker-6] - ScalaProject - Project helloworld has platform default sourceLevel.
2015-07-02 11:25:59,290  WARN [Worker-6] - ScalaProject - Project helloworld runs on platform default installation.
2015-07-02 11:25:59,302  WARN [Worker-6] - ScalaProject - Project helloworld has platform default sourceLevel.
2015-07-02 11:25:59,302  WARN [Worker-6] - ScalaProject - Project helloworld runs on platform default installation.
2015-07-02 11:26:00,337  WARN [Worker-6] - ScalaProject - Project helloworld has platform default sourceLevel.
2015-07-02 11:26:00,337  WARN [Worker-6] - ScalaProject - Project helloworld runs on platform default installation.
2015-07-02 11:26:42,879  WARN [Worker-6] - ScalaProject - Project helloworld has platform default sourceLevel.
2015-07-02 11:26:42,879  WARN [Worker-6] - ScalaProject - Project helloworld runs on platform default installation.
2015-07-02 11:26:42,893  WARN [Worker-6] - ScalaProject - Project helloworld has platform default sourceLevel.
2015-07-02 11:26:42,893  WARN [Worker-6] - ScalaProject - Project helloworld runs on platform default installation.
2015-07-02 11:26:46,005  WARN [Worker-6] - ScalaProject - Project helloworld has platform default sourceLevel.
2015-07-02 11:26:46,005  WARN [Worker-6] - ScalaProject - Project helloworld runs on platform default installation.
2015-07-02 11:31:35,789  WARN [org.scalaide.ui.internal.reconciliation.ScalaReconciler] - ScalaProject - Project helloworld has platform default sourceLevel.
2015-07-02 11:31:35,790  WARN [org.scalaide.ui.internal.reconciliation.ScalaReconciler] - ScalaProject - Project helloworld runs on platform default installation.
2015-07-02 11:31:35,803  WARN [org.scalaide.ui.internal.reconciliation.ScalaReconciler] - ScalaProject - Project helloworld has platform default sourceLevel.
2015-07-02 11:31:35,803  WARN [org.scalaide.ui.internal.reconciliation.ScalaReconciler] - ScalaProject - Project helloworld runs on platform default installation.
2015-07-02 11:31:35,806  WARN [org.scalaide.ui.internal.reconciliation.ScalaReconciler] - ScalaProject - Project helloworld has platform default sourceLevel.
2015-07-02 11:31:35,807  WARN [org.scalaide.ui.internal.reconciliation.ScalaReconciler] - ScalaProject - Project helloworld runs on platform default installation.
2015-07-02 11:31:35,818  WARN [org.scalaide.ui.internal.reconciliation.ScalaReconciler] - ScalaProject - Project helloworld has platform default sourceLevel.
2015-07-02 11:31:35,819  WARN [org.scalaide.ui.internal.reconciliation.ScalaReconciler] - ScalaProject - Project helloworld runs on platform default installation.
2015-07-02 11:31:35,823  WARN [org.scalaide.ui.internal.reconciliation.ScalaReconciler] - ScalaProject - Project helloworld has platform default sourceLevel.
2015-07-02 11:31:35,823  WARN [org.scalaide.ui.internal.reconciliation.ScalaReconciler] - ScalaProject - Project helloworld runs on platform default installation.
2015-07-02 11:31:35,826  WARN [org.scalaide.ui.internal.reconciliation.ScalaReconciler] - ScalaProject - Project helloworld has platform default sourceLevel.
2015-07-02 11:31:35,827  WARN [org.scalaide.ui.internal.reconciliation.ScalaReconciler] - ScalaProject - Project helloworld runs on platform default installation.
2015-07-02 11:31:36,834  WARN [org.scalaide.ui.internal.reconciliation.ScalaReconciler] - ScalaProject - Project helloworld has platform default sourceLevel.
2015-07-02 11:31:36,834  WARN [org.scalaide.ui.internal.reconciliation.ScalaReconciler] - ScalaProject - Project helloworld runs on platform default installation.
2015-07-02 11:31:36,837  WARN [org.scalaide.ui.internal.reconciliation.ScalaReconciler] - ScalaProject - Project helloworld has platform default sourceLevel.
2015-07-02 11:31:36,837  WARN [org.scalaide.ui.internal.reconciliation.ScalaReconciler] - ScalaProject - Project helloworld runs on platform default installation.
2015-07-02 11:31:36,841  WARN [org.scalaide.ui.internal.reconciliation.ScalaReconciler] - ScalaProject - Project helloworld has platform default sourceLevel.
2015-07-02 11:31:36,841  WARN [org.scalaide.ui.internal.reconciliation.ScalaReconciler] - ScalaProject - Project helloworld runs on platform default installation.
2015-07-02 11:31:36,844  WARN [org.scalaide.ui.internal.reconciliation.ScalaReconciler] - ScalaProject - Project helloworld has platform default sourceLevel.
2015-07-02 11:31:36,844  WARN [org.scalaide.ui.internal.reconciliation.ScalaReconciler] - ScalaProject - Project helloworld runs on platform default installation.
2015-07-02 11:31:36,847  WARN [org.scalaide.ui.internal.reconciliation.ScalaReconciler] - ScalaProject - Project helloworld has platform default sourceLevel.
2015-07-02 11:31:36,847  WARN [org.scalaide.ui.internal.reconciliation.ScalaReconciler] - ScalaProject - Project helloworld runs on platform default installation.
2015-07-02 11:31:36,999 ERROR [main] - org.scala-ide.sdt.core - org.scala-ide.sdt.core - org.scala-ide.sdt.core - 0 - Error thrown while initializing the presentation compiler.
Java Model Exception: Java Model Status [helloworld does not exist]
	at org.eclipse.jdt.internal.core.JavaElement.newNotPresentException(JavaElement.java:556)
	at org.eclipse.jdt.internal.core.JavaModelManager.getPerProjectInfoCheckExistence(JavaModelManager.java:2344)
	at org.eclipse.jdt.internal.core.JavaProject.getPerProjectInfo(JavaProject.java:1909)
	at org.eclipse.jdt.internal.core.JavaProject.getRawClasspath(JavaProject.java:1931)
	at org.scalaide.core.internal.project.ClasspathManagement$class.jdkPaths(ClasspathManagement.scala:147)
	at org.scalaide.core.internal.project.ScalaProject.jdkPaths(ScalaProject.scala:136)
	at org.scalaide.core.internal.project.ClasspathManagement$class.scalaClasspath(ClasspathManagement.scala:134)
	at org.scalaide.core.internal.project.ScalaProject.scalaClasspath(ScalaProject.scala:136)
	at org.scalaide.core.internal.project.ScalaProject.setupCompilerClasspath(ScalaProject.scala:488)
	at org.scalaide.core.internal.project.ScalaProject.initializeCompilerSettings(ScalaProject.scala:474)
	at org.scalaide.core.internal.project.ScalaProject.org$scalaide$core$internal$project$ScalaProject$$prepareCompilerSettings(ScalaProject.scala:423)
	at org.scalaide.core.internal.project.ScalaProject$$anonfun$3.apply(ScalaProject.scala:148)
	at org.scalaide.core.internal.project.ScalaProject$$anonfun$3.apply(ScalaProject.scala:148)
	at org.scalaide.core.internal.compiler.PresentationCompilerProxy.liftedTree1$1(PresentationCompilerProxy.scala:158)
	at org.scalaide.core.internal.compiler.PresentationCompilerProxy.create(PresentationCompilerProxy.scala:157)
	at org.scalaide.core.internal.compiler.PresentationCompilerProxy.initialize(PresentationCompilerProxy.scala:122)
	at org.scalaide.core.internal.compiler.PresentationCompilerProxy.obtainPc$1(PresentationCompilerProxy.scala:84)
	at org.scalaide.core.internal.compiler.PresentationCompilerProxy.internal(PresentationCompilerProxy.scala:104)
	at org.scalaide.core.internal.compiler.PresentationCompilerProxy.apply(PresentationCompilerProxy.scala:62)
	at org.scalaide.core.compiler.InteractiveCompilationUnit$class.initialReconcile(InteractiveCompilationUnit.scala:164)
	at org.scalaide.core.internal.jdt.model.ScalaSourceFile.initialReconcile(ScalaSourceFile.scala:83)
	at org.scalaide.ui.internal.reconciliation.ScalaReconcilingStrategy.initialReconcile(ScalaReconcilingStrategy.scala:58)
	at org.eclipse.jdt.internal.ui.text.CompositeReconcilingStrategy.initialReconcile(CompositeReconcilingStrategy.java:114)
	at org.eclipse.jface.text.reconciler.MonoReconciler.initialProcess(MonoReconciler.java:105)
	at org.eclipse.jface.text.reconciler.AbstractReconciler$BackgroundThread.run(AbstractReconciler.java:173)
2015-07-02 11:31:37,003 ERROR [main] - org.scala-ide.sdt.core - org.scala-ide.sdt.core - org.scala-ide.sdt.core - 0 - Error thrown while initializing the presentation compiler.
Java Model Exception: Java Model Status [helloworld does not exist]
	at org.eclipse.jdt.internal.core.JavaElement.newNotPresentException(JavaElement.java:556)
	at org.eclipse.jdt.internal.core.JavaModelManager.getPerProjectInfoCheckExistence(JavaModelManager.java:2344)
	at org.eclipse.jdt.internal.core.JavaProject.getPerProjectInfo(JavaProject.java:1909)
	at org.eclipse.jdt.internal.core.JavaProject.getRawClasspath(JavaProject.java:1931)
	at org.scalaide.core.internal.project.ClasspathManagement$class.jdkPaths(ClasspathManagement.scala:147)
	at org.scalaide.core.internal.project.ScalaProject.jdkPaths(ScalaProject.scala:136)
	at org.scalaide.core.internal.project.ClasspathManagement$class.scalaClasspath(ClasspathManagement.scala:134)
	at org.scalaide.core.internal.project.ScalaProject.scalaClasspath(ScalaProject.scala:136)
	at org.scalaide.core.internal.project.ScalaProject.setupCompilerClasspath(ScalaProject.scala:488)
	at org.scalaide.core.internal.project.ScalaProject.initializeCompilerSettings(ScalaProject.scala:474)
	at org.scalaide.core.internal.project.ScalaProject.org$scalaide$core$internal$project$ScalaProject$$prepareCompilerSettings(ScalaProject.scala:423)
	at org.scalaide.core.internal.project.ScalaProject$$anonfun$3.apply(ScalaProject.scala:148)
	at org.scalaide.core.internal.project.ScalaProject$$anonfun$3.apply(ScalaProject.scala:148)
	at org.scalaide.core.internal.compiler.PresentationCompilerProxy.liftedTree1$1(PresentationCompilerProxy.scala:158)
	at org.scalaide.core.internal.compiler.PresentationCompilerProxy.create(PresentationCompilerProxy.scala:157)
	at org.scalaide.core.internal.compiler.PresentationCompilerProxy.initialize(PresentationCompilerProxy.scala:122)
	at org.scalaide.core.internal.compiler.PresentationCompilerProxy.obtainPc$1(PresentationCompilerProxy.scala:84)
	at org.scalaide.core.internal.compiler.PresentationCompilerProxy.internal(PresentationCompilerProxy.scala:104)
	at org.scalaide.core.internal.compiler.PresentationCompilerProxy.apply(PresentationCompilerProxy.scala:62)
	at org.scalaide.core.compiler.InteractiveCompilationUnit$class.forceReconcile(InteractiveCompilationUnit.scala:151)
	at org.scalaide.core.internal.jdt.model.ScalaSourceFile.forceReconcile(ScalaSourceFile.scala:73)
	at org.scalaide.ui.internal.reconciliation.ScalaReconcilingStrategy.reconcile(ScalaReconcilingStrategy.scala:43)
	at org.scalaide.ui.internal.reconciliation.ScalaReconcilingStrategy.initialReconcile(ScalaReconcilingStrategy.scala:59)
	at org.eclipse.jdt.internal.ui.text.CompositeReconcilingStrategy.initialReconcile(CompositeReconcilingStrategy.java:114)
	at org.eclipse.jface.text.reconciler.MonoReconciler.initialProcess(MonoReconciler.java:105)
	at org.eclipse.jface.text.reconciler.AbstractReconciler$BackgroundThread.run(AbstractReconciler.java:173)
2015-07-02 11:31:37,005 ERROR [main] - org.scala-ide.sdt.core - org.scala-ide.sdt.core - org.scala-ide.sdt.core - 0 - Error thrown while initializing the presentation compiler.
Java Model Exception: Java Model Status [helloworld does not exist]
	at org.eclipse.jdt.internal.core.JavaElement.newNotPresentException(JavaElement.java:556)
	at org.eclipse.jdt.internal.core.JavaModelManager.getPerProjectInfoCheckExistence(JavaModelManager.java:2344)
	at org.eclipse.jdt.internal.core.JavaProject.getPerProjectInfo(JavaProject.java:1909)
	at org.eclipse.jdt.internal.core.JavaProject.getRawClasspath(JavaProject.java:1931)
	at org.scalaide.core.internal.project.ClasspathManagement$class.jdkPaths(ClasspathManagement.scala:147)
	at org.scalaide.core.internal.project.ScalaProject.jdkPaths(ScalaProject.scala:136)
	at org.scalaide.core.internal.project.ClasspathManagement$class.scalaClasspath(ClasspathManagement.scala:134)
	at org.scalaide.core.internal.project.ScalaProject.scalaClasspath(ScalaProject.scala:136)
	at org.scalaide.core.internal.project.ScalaProject.setupCompilerClasspath(ScalaProject.scala:488)
	at org.scalaide.core.internal.project.ScalaProject.initializeCompilerSettings(ScalaProject.scala:474)
	at org.scalaide.core.internal.project.ScalaProject.org$scalaide$core$internal$project$ScalaProject$$prepareCompilerSettings(ScalaProject.scala:423)
	at org.scalaide.core.internal.project.ScalaProject$$anonfun$3.apply(ScalaProject.scala:148)
	at org.scalaide.core.internal.project.ScalaProject$$anonfun$3.apply(ScalaProject.scala:148)
	at org.scalaide.core.internal.compiler.PresentationCompilerProxy.liftedTree1$1(PresentationCompilerProxy.scala:158)
	at org.scalaide.core.internal.compiler.PresentationCompilerProxy.create(PresentationCompilerProxy.scala:157)
	at org.scalaide.core.internal.compiler.PresentationCompilerProxy.initialize(PresentationCompilerProxy.scala:122)
	at org.scalaide.core.internal.compiler.PresentationCompilerProxy.obtainPc$1(PresentationCompilerProxy.scala:84)
	at org.scalaide.core.internal.compiler.PresentationCompilerProxy.internal(PresentationCompilerProxy.scala:104)
	at org.scalaide.core.internal.compiler.PresentationCompilerProxy.apply(PresentationCompilerProxy.scala:62)
	at org.scalaide.core.compiler.InteractiveCompilationUnit$class.currentProblems(InteractiveCompilationUnit.scala:184)
	at org.scalaide.core.internal.jdt.model.ScalaSourceFile.currentProblems(ScalaSourceFile.scala:73)
	at org.scalaide.core.compiler.InteractiveCompilationUnit$class.forceReconcile(InteractiveCompilationUnit.scala:152)
	at org.scalaide.core.internal.jdt.model.ScalaSourceFile.forceReconcile(ScalaSourceFile.scala:73)
	at org.scalaide.ui.internal.reconciliation.ScalaReconcilingStrategy.reconcile(ScalaReconcilingStrategy.scala:43)
	at org.scalaide.ui.internal.reconciliation.ScalaReconcilingStrategy.initialReconcile(ScalaReconcilingStrategy.scala:59)
	at org.eclipse.jdt.internal.ui.text.CompositeReconcilingStrategy.initialReconcile(CompositeReconcilingStrategy.java:114)
	at org.eclipse.jface.text.reconciler.MonoReconciler.initialProcess(MonoReconciler.java:105)
	at org.eclipse.jface.text.reconciler.AbstractReconciler$BackgroundThread.run(AbstractReconciler.java:173)
2015-07-02 11:31:37,007 ERROR [main] - org.scala-ide.sdt.core - org.scala-ide.sdt.core - org.scala-ide.sdt.core - 0 - Error thrown while initializing the presentation compiler.
Java Model Exception: Java Model Status [helloworld does not exist]
	at org.eclipse.jdt.internal.core.JavaElement.newNotPresentException(JavaElement.java:556)
	at org.eclipse.jdt.internal.core.JavaModelManager.getPerProjectInfoCheckExistence(JavaModelManager.java:2344)
	at org.eclipse.jdt.internal.core.JavaProject.getPerProjectInfo(JavaProject.java:1909)
	at org.eclipse.jdt.internal.core.JavaProject.getRawClasspath(JavaProject.java:1931)
	at org.scalaide.core.internal.project.ClasspathManagement$class.jdkPaths(ClasspathManagement.scala:147)
	at org.scalaide.core.internal.project.ScalaProject.jdkPaths(ScalaProject.scala:136)
	at org.scalaide.core.internal.project.ClasspathManagement$class.scalaClasspath(ClasspathManagement.scala:134)
	at org.scalaide.core.internal.project.ScalaProject.scalaClasspath(ScalaProject.scala:136)
	at org.scalaide.core.internal.project.ScalaProject.setupCompilerClasspath(ScalaProject.scala:488)
	at org.scalaide.core.internal.project.ScalaProject.initializeCompilerSettings(ScalaProject.scala:474)
	at org.scalaide.core.internal.project.ScalaProject.org$scalaide$core$internal$project$ScalaProject$$prepareCompilerSettings(ScalaProject.scala:423)
	at org.scalaide.core.internal.project.ScalaProject$$anonfun$3.apply(ScalaProject.scala:148)
	at org.scalaide.core.internal.project.ScalaProject$$anonfun$3.apply(ScalaProject.scala:148)
	at org.scalaide.core.internal.compiler.PresentationCompilerProxy.liftedTree1$1(PresentationCompilerProxy.scala:158)
	at org.scalaide.core.internal.compiler.PresentationCompilerProxy.create(PresentationCompilerProxy.scala:157)
	at org.scalaide.core.internal.compiler.PresentationCompilerProxy.initialize(PresentationCompilerProxy.scala:122)
	at org.scalaide.core.internal.compiler.PresentationCompilerProxy.obtainPc$1(PresentationCompilerProxy.scala:84)
	at org.scalaide.core.internal.compiler.PresentationCompilerProxy.internal(PresentationCompilerProxy.scala:104)
	at org.scalaide.ui.internal.editor.decorators.BaseSemanticAction.apply(BaseSemanticAction.scala:112)
	at org.scalaide.ui.internal.editor.ScalaSourceFileEditor$$anon$4$$anonfun$reconciled$1$$anonfun$apply$1.apply$mcV$sp(ScalaSourceFileEditor.scala:90)
	at org.scalaide.ui.internal.editor.ScalaSourceFileEditor$$anon$4$$anonfun$reconciled$1$$anonfun$apply$1.apply(ScalaSourceFileEditor.scala:90)
	at org.scalaide.ui.internal.editor.ScalaSourceFileEditor$$anon$4$$anonfun$reconciled$1$$anonfun$apply$1.apply(ScalaSourceFileEditor.scala:90)
	at org.scalaide.util.eclipse.EclipseUtils$$anon$3.run(EclipseUtils.scala:216)
	at org.eclipse.core.runtime.SafeRunner.run(SafeRunner.java:42)
	at org.scalaide.util.eclipse.EclipseUtils$.withSafeRunner(EclipseUtils.scala:212)
	at org.scalaide.ui.internal.editor.ScalaSourceFileEditor$$anon$4$$anonfun$reconciled$1.apply(ScalaSourceFileEditor.scala:89)
	at org.scalaide.ui.internal.editor.ScalaSourceFileEditor$$anon$4$$anonfun$reconciled$1.apply(ScalaSourceFileEditor.scala:88)
	at scala.collection.mutable.ArraySeq.foreach(ArraySeq.scala:74)
	at org.scalaide.ui.internal.editor.ScalaSourceFileEditor$$anon$4.reconciled(ScalaSourceFileEditor.scala:88)
	at org.scalaide.ui.internal.editor.ScalaSourceFileEditor$ReconcilingListeners$$anonfun$reconciled$2.apply(ScalaSourceFileEditor.scala:303)
	at org.scalaide.ui.internal.editor.ScalaSourceFileEditor$ReconcilingListeners$$anonfun$reconciled$2.apply(ScalaSourceFileEditor.scala:303)
	at scala.collection.immutable.List.foreach(List.scala:381)
	at org.scalaide.ui.internal.editor.ScalaSourceFileEditor$ReconcilingListeners.reconciled(ScalaSourceFileEditor.scala:303)
	at org.scalaide.ui.internal.editor.ScalaSourceFileEditor.reconciled(ScalaSourceFileEditor.scala:280)
	at org.scalaide.ui.internal.reconciliation.ScalaReconcilingStrategy$$anonfun$reconcile$3.apply(ScalaReconcilingStrategy.scala:53)
	at org.scalaide.ui.internal.reconciliation.ScalaReconcilingStrategy$$anonfun$reconcile$3.apply(ScalaReconcilingStrategy.scala:53)
	at scala.Option.foreach(Option.scala:257)
	at org.scalaide.ui.internal.reconciliation.ScalaReconcilingStrategy.reconcile(ScalaReconcilingStrategy.scala:53)
	at org.scalaide.ui.internal.reconciliation.ScalaReconcilingStrategy.initialReconcile(ScalaReconcilingStrategy.scala:59)
	at org.eclipse.jdt.internal.ui.text.CompositeReconcilingStrategy.initialReconcile(CompositeReconcilingStrategy.java:114)
	at org.eclipse.jface.text.reconciler.MonoReconciler.initialProcess(MonoReconciler.java:105)
	at org.eclipse.jface.text.reconciler.AbstractReconciler$BackgroundThread.run(AbstractReconciler.java:173)
2015-07-02 11:31:37,009 ERROR [main] - org.scala-ide.sdt.core - org.scala-ide.sdt.core - org.scala-ide.sdt.core - 0 - Error thrown while initializing the presentation compiler.
Java Model Exception: Java Model Status [helloworld does not exist]
	at org.eclipse.jdt.internal.core.JavaElement.newNotPresentException(JavaElement.java:556)
	at org.eclipse.jdt.internal.core.JavaModelManager.getPerProjectInfoCheckExistence(JavaModelManager.java:2344)
	at org.eclipse.jdt.internal.core.JavaProject.getPerProjectInfo(JavaProject.java:1909)
	at org.eclipse.jdt.internal.core.JavaProject.getRawClasspath(JavaProject.java:1931)
	at org.scalaide.core.internal.project.ClasspathManagement$class.jdkPaths(ClasspathManagement.scala:147)
	at org.scalaide.core.internal.project.ScalaProject.jdkPaths(ScalaProject.scala:136)
	at org.scalaide.core.internal.project.ClasspathManagement$class.scalaClasspath(ClasspathManagement.scala:134)
	at org.scalaide.core.internal.project.ScalaProject.scalaClasspath(ScalaProject.scala:136)
	at org.scalaide.core.internal.project.ScalaProject.setupCompilerClasspath(ScalaProject.scala:488)
	at org.scalaide.core.internal.project.ScalaProject.initializeCompilerSettings(ScalaProject.scala:474)
	at org.scalaide.core.internal.project.ScalaProject.org$scalaide$core$internal$project$ScalaProject$$prepareCompilerSettings(ScalaProject.scala:423)
	at org.scalaide.core.internal.project.ScalaProject$$anonfun$3.apply(ScalaProject.scala:148)
	at org.scalaide.core.internal.project.ScalaProject$$anonfun$3.apply(ScalaProject.scala:148)
	at org.scalaide.core.internal.compiler.PresentationCompilerProxy.liftedTree1$1(PresentationCompilerProxy.scala:158)
	at org.scalaide.core.internal.compiler.PresentationCompilerProxy.create(PresentationCompilerProxy.scala:157)
	at org.scalaide.core.internal.compiler.PresentationCompilerProxy.initialize(PresentationCompilerProxy.scala:122)
	at org.scalaide.core.internal.compiler.PresentationCompilerProxy.obtainPc$1(PresentationCompilerProxy.scala:84)
	at org.scalaide.core.internal.compiler.PresentationCompilerProxy.internal(PresentationCompilerProxy.scala:104)
	at org.scalaide.ui.internal.editor.decorators.BaseSemanticAction.apply(BaseSemanticAction.scala:112)
	at org.scalaide.ui.internal.editor.ScalaSourceFileEditor$$anon$4$$anonfun$reconciled$1$$anonfun$apply$1.apply$mcV$sp(ScalaSourceFileEditor.scala:90)
	at org.scalaide.ui.internal.editor.ScalaSourceFileEditor$$anon$4$$anonfun$reconciled$1$$anonfun$apply$1.apply(ScalaSourceFileEditor.scala:90)
	at org.scalaide.ui.internal.editor.ScalaSourceFileEditor$$anon$4$$anonfun$reconciled$1$$anonfun$apply$1.apply(ScalaSourceFileEditor.scala:90)
	at org.scalaide.util.eclipse.EclipseUtils$$anon$3.run(EclipseUtils.scala:216)
	at org.eclipse.core.runtime.SafeRunner.run(SafeRunner.java:42)
	at org.scalaide.util.eclipse.EclipseUtils$.withSafeRunner(EclipseUtils.scala:212)
	at org.scalaide.ui.internal.editor.ScalaSourceFileEditor$$anon$4$$anonfun$reconciled$1.apply(ScalaSourceFileEditor.scala:89)
	at org.scalaide.ui.internal.editor.ScalaSourceFileEditor$$anon$4$$anonfun$reconciled$1.apply(ScalaSourceFileEditor.scala:88)
	at scala.collection.mutable.ArraySeq.foreach(ArraySeq.scala:74)
	at org.scalaide.ui.internal.editor.ScalaSourceFileEditor$$anon$4.reconciled(ScalaSourceFileEditor.scala:88)
	at org.scalaide.ui.internal.editor.ScalaSourceFileEditor$ReconcilingListeners$$anonfun$reconciled$2.apply(ScalaSourceFileEditor.scala:303)
	at org.scalaide.ui.internal.editor.ScalaSourceFileEditor$ReconcilingListeners$$anonfun$reconciled$2.apply(ScalaSourceFileEditor.scala:303)
	at scala.collection.immutable.List.foreach(List.scala:381)
	at org.scalaide.ui.internal.editor.ScalaSourceFileEditor$ReconcilingListeners.reconciled(ScalaSourceFileEditor.scala:303)
	at org.scalaide.ui.internal.editor.ScalaSourceFileEditor.reconciled(ScalaSourceFileEditor.scala:280)
	at org.scalaide.ui.internal.reconciliation.ScalaReconcilingStrategy$$anonfun$reconcile$3.apply(ScalaReconcilingStrategy.scala:53)
	at org.scalaide.ui.internal.reconciliation.ScalaReconcilingStrategy$$anonfun$reconcile$3.apply(ScalaReconcilingStrategy.scala:53)
	at scala.Option.foreach(Option.scala:257)
	at org.scalaide.ui.internal.reconciliation.ScalaReconcilingStrategy.reconcile(ScalaReconcilingStrategy.scala:53)
	at org.scalaide.ui.internal.reconciliation.ScalaReconcilingStrategy.initialReconcile(ScalaReconcilingStrategy.scala:59)
	at org.eclipse.jdt.internal.ui.text.CompositeReconcilingStrategy.initialReconcile(CompositeReconcilingStrategy.java:114)
	at org.eclipse.jface.text.reconciler.MonoReconciler.initialProcess(MonoReconciler.java:105)
	at org.eclipse.jface.text.reconciler.AbstractReconciler$BackgroundThread.run(AbstractReconciler.java:173)
2015-07-02 11:31:37,010 ERROR [main] - org.scala-ide.sdt.core - org.scala-ide.sdt.core - org.scala-ide.sdt.core - 0 - Error thrown while initializing the presentation compiler.
Java Model Exception: Java Model Status [helloworld does not exist]
	at org.eclipse.jdt.internal.core.JavaElement.newNotPresentException(JavaElement.java:556)
	at org.eclipse.jdt.internal.core.JavaModelManager.getPerProjectInfoCheckExistence(JavaModelManager.java:2344)
	at org.eclipse.jdt.internal.core.JavaProject.getPerProjectInfo(JavaProject.java:1909)
	at org.eclipse.jdt.internal.core.JavaProject.getRawClasspath(JavaProject.java:1931)
	at org.scalaide.core.internal.project.ClasspathManagement$class.jdkPaths(ClasspathManagement.scala:147)
	at org.scalaide.core.internal.project.ScalaProject.jdkPaths(ScalaProject.scala:136)
	at org.scalaide.core.internal.project.ClasspathManagement$class.scalaClasspath(ClasspathManagement.scala:134)
	at org.scalaide.core.internal.project.ScalaProject.scalaClasspath(ScalaProject.scala:136)
	at org.scalaide.core.internal.project.ScalaProject.setupCompilerClasspath(ScalaProject.scala:488)
	at org.scalaide.core.internal.project.ScalaProject.initializeCompilerSettings(ScalaProject.scala:474)
	at org.scalaide.core.internal.project.ScalaProject.org$scalaide$core$internal$project$ScalaProject$$prepareCompilerSettings(ScalaProject.scala:423)
	at org.scalaide.core.internal.project.ScalaProject$$anonfun$3.apply(ScalaProject.scala:148)
	at org.scalaide.core.internal.project.ScalaProject$$anonfun$3.apply(ScalaProject.scala:148)
	at org.scalaide.core.internal.compiler.PresentationCompilerProxy.liftedTree1$1(PresentationCompilerProxy.scala:158)
	at org.scalaide.core.internal.compiler.PresentationCompilerProxy.create(PresentationCompilerProxy.scala:157)
	at org.scalaide.core.internal.compiler.PresentationCompilerProxy.initialize(PresentationCompilerProxy.scala:122)
	at org.scalaide.core.internal.compiler.PresentationCompilerProxy.obtainPc$1(PresentationCompilerProxy.scala:84)
	at org.scalaide.core.internal.compiler.PresentationCompilerProxy.internal(PresentationCompilerProxy.scala:104)
	at org.scalaide.ui.internal.editor.decorators.BaseSemanticAction.apply(BaseSemanticAction.scala:112)
	at org.scalaide.ui.internal.editor.ScalaSourceFileEditor$$anon$4$$anonfun$reconciled$1$$anonfun$apply$1.apply$mcV$sp(ScalaSourceFileEditor.scala:90)
	at org.scalaide.ui.internal.editor.ScalaSourceFileEditor$$anon$4$$anonfun$reconciled$1$$anonfun$apply$1.apply(ScalaSourceFileEditor.scala:90)
	at org.scalaide.ui.internal.editor.ScalaSourceFileEditor$$anon$4$$anonfun$reconciled$1$$anonfun$apply$1.apply(ScalaSourceFileEditor.scala:90)
	at org.scalaide.util.eclipse.EclipseUtils$$anon$3.run(EclipseUtils.scala:216)
	at org.eclipse.core.runtime.SafeRunner.run(SafeRunner.java:42)
	at org.scalaide.util.eclipse.EclipseUtils$.withSafeRunner(EclipseUtils.scala:212)
	at org.scalaide.ui.internal.editor.ScalaSourceFileEditor$$anon$4$$anonfun$reconciled$1.apply(ScalaSourceFileEditor.scala:89)
	at org.scalaide.ui.internal.editor.ScalaSourceFileEditor$$anon$4$$anonfun$reconciled$1.apply(ScalaSourceFileEditor.scala:88)
	at scala.collection.mutable.ArraySeq.foreach(ArraySeq.scala:74)
	at org.scalaide.ui.internal.editor.ScalaSourceFileEditor$$anon$4.reconciled(ScalaSourceFileEditor.scala:88)
	at org.scalaide.ui.internal.editor.ScalaSourceFileEditor$ReconcilingListeners$$anonfun$reconciled$2.apply(ScalaSourceFileEditor.scala:303)
	at org.scalaide.ui.internal.editor.ScalaSourceFileEditor$ReconcilingListeners$$anonfun$reconciled$2.apply(ScalaSourceFileEditor.scala:303)
	at scala.collection.immutable.List.foreach(List.scala:381)
	at org.scalaide.ui.internal.editor.ScalaSourceFileEditor$ReconcilingListeners.reconciled(ScalaSourceFileEditor.scala:303)
	at org.scalaide.ui.internal.editor.ScalaSourceFileEditor.reconciled(ScalaSourceFileEditor.scala:280)
	at org.scalaide.ui.internal.reconciliation.ScalaReconcilingStrategy$$anonfun$reconcile$3.apply(ScalaReconcilingStrategy.scala:53)
	at org.scalaide.ui.internal.reconciliation.ScalaReconcilingStrategy$$anonfun$reconcile$3.apply(ScalaReconcilingStrategy.scala:53)
	at scala.Option.foreach(Option.scala:257)
	at org.scalaide.ui.internal.reconciliation.ScalaReconcilingStrategy.reconcile(ScalaReconcilingStrategy.scala:53)
	at org.scalaide.ui.internal.reconciliation.ScalaReconcilingStrategy.initialReconcile(ScalaReconcilingStrategy.scala:59)
	at org.eclipse.jdt.internal.ui.text.CompositeReconcilingStrategy.initialReconcile(CompositeReconcilingStrategy.java:114)
	at org.eclipse.jface.text.reconciler.MonoReconciler.initialProcess(MonoReconciler.java:105)
	at org.eclipse.jface.text.reconciler.AbstractReconciler$BackgroundThread.run(AbstractReconciler.java:173)
2015-07-02 11:31:37,083 ERROR [main] - org.scala-ide.sdt.core - org.scala-ide.sdt.core - org.scala-ide.sdt.core - 0 - Error thrown while initializing the presentation compiler.
Java Model Exception: Java Model Status [helloworld does not exist]
	at org.eclipse.jdt.internal.core.JavaElement.newNotPresentException(JavaElement.java:556)
	at org.eclipse.jdt.internal.core.JavaModelManager.getPerProjectInfoCheckExistence(JavaModelManager.java:2344)
	at org.eclipse.jdt.internal.core.JavaProject.getPerProjectInfo(JavaProject.java:1909)
	at org.eclipse.jdt.internal.core.JavaProject.getRawClasspath(JavaProject.java:1931)
	at org.scalaide.core.internal.project.ClasspathManagement$class.jdkPaths(ClasspathManagement.scala:147)
	at org.scalaide.core.internal.project.ScalaProject.jdkPaths(ScalaProject.scala:136)
	at org.scalaide.core.internal.project.ClasspathManagement$class.scalaClasspath(ClasspathManagement.scala:134)
	at org.scalaide.core.internal.project.ScalaProject.scalaClasspath(ScalaProject.scala:136)
	at org.scalaide.core.internal.project.ScalaProject.setupCompilerClasspath(ScalaProject.scala:488)
	at org.scalaide.core.internal.project.ScalaProject.initializeCompilerSettings(ScalaProject.scala:474)
	at org.scalaide.core.internal.project.ScalaProject.org$scalaide$core$internal$project$ScalaProject$$prepareCompilerSettings(ScalaProject.scala:423)
	at org.scalaide.core.internal.project.ScalaProject$$anonfun$3.apply(ScalaProject.scala:148)
	at org.scalaide.core.internal.project.ScalaProject$$anonfun$3.apply(ScalaProject.scala:148)
	at org.scalaide.core.internal.compiler.PresentationCompilerProxy.liftedTree1$1(PresentationCompilerProxy.scala:158)
	at org.scalaide.core.internal.compiler.PresentationCompilerProxy.create(PresentationCompilerProxy.scala:157)
	at org.scalaide.core.internal.compiler.PresentationCompilerProxy.initialize(PresentationCompilerProxy.scala:122)
	at org.scalaide.core.internal.compiler.PresentationCompilerProxy.obtainPc$1(PresentationCompilerProxy.scala:84)
	at org.scalaide.core.internal.compiler.PresentationCompilerProxy.internal(PresentationCompilerProxy.scala:104)
	at org.scalaide.core.internal.compiler.PresentationCompilerProxy.apply(PresentationCompilerProxy.scala:62)
	at org.scalaide.core.compiler.InteractiveCompilationUnit$class.forceReconcile(InteractiveCompilationUnit.scala:151)
	at org.scalaide.core.internal.jdt.model.ScalaSourceFile.forceReconcile(ScalaSourceFile.scala:73)
	at org.scalaide.ui.internal.reconciliation.ScalaReconcilingStrategy.reconcile(ScalaReconcilingStrategy.scala:43)
	at org.eclipse.jdt.internal.ui.text.CompositeReconcilingStrategy.reconcile(CompositeReconcilingStrategy.java:86)
	at org.eclipse.jface.text.reconciler.MonoReconciler.process(MonoReconciler.java:77)
	at org.eclipse.jface.text.reconciler.AbstractReconciler$BackgroundThread.run(AbstractReconciler.java:206)
2015-07-02 11:31:37,084 ERROR [main] - org.scala-ide.sdt.core - org.scala-ide.sdt.core - org.scala-ide.sdt.core - 0 - Error thrown while initializing the presentation compiler.
Java Model Exception: Java Model Status [helloworld does not exist]
	at org.eclipse.jdt.internal.core.JavaElement.newNotPresentException(JavaElement.java:556)
	at org.eclipse.jdt.internal.core.JavaModelManager.getPerProjectInfoCheckExistence(JavaModelManager.java:2344)
	at org.eclipse.jdt.internal.core.JavaProject.getPerProjectInfo(JavaProject.java:1909)
	at org.eclipse.jdt.internal.core.JavaProject.getRawClasspath(JavaProject.java:1931)
	at org.scalaide.core.internal.project.ClasspathManagement$class.jdkPaths(ClasspathManagement.scala:147)
	at org.scalaide.core.internal.project.ScalaProject.jdkPaths(ScalaProject.scala:136)
	at org.scalaide.core.internal.project.ClasspathManagement$class.scalaClasspath(ClasspathManagement.scala:134)
	at org.scalaide.core.internal.project.ScalaProject.scalaClasspath(ScalaProject.scala:136)
	at org.scalaide.core.internal.project.ScalaProject.setupCompilerClasspath(ScalaProject.scala:488)
	at org.scalaide.core.internal.project.ScalaProject.initializeCompilerSettings(ScalaProject.scala:474)
	at org.scalaide.core.internal.project.ScalaProject.org$scalaide$core$internal$project$ScalaProject$$prepareCompilerSettings(ScalaProject.scala:423)
	at org.scalaide.core.internal.project.ScalaProject$$anonfun$3.apply(ScalaProject.scala:148)
	at org.scalaide.core.internal.project.ScalaProject$$anonfun$3.apply(ScalaProject.scala:148)
	at org.scalaide.core.internal.compiler.PresentationCompilerProxy.liftedTree1$1(PresentationCompilerProxy.scala:158)
	at org.scalaide.core.internal.compiler.PresentationCompilerProxy.create(PresentationCompilerProxy.scala:157)
	at org.scalaide.core.internal.compiler.PresentationCompilerProxy.initialize(PresentationCompilerProxy.scala:122)
	at org.scalaide.core.internal.compiler.PresentationCompilerProxy.obtainPc$1(PresentationCompilerProxy.scala:84)
	at org.scalaide.core.internal.compiler.PresentationCompilerProxy.internal(PresentationCompilerProxy.scala:104)
	at org.scalaide.core.internal.compiler.PresentationCompilerProxy.apply(PresentationCompilerProxy.scala:62)
	at org.scalaide.core.compiler.InteractiveCompilationUnit$class.currentProblems(InteractiveCompilationUnit.scala:184)
	at org.scalaide.core.internal.jdt.model.ScalaSourceFile.currentProblems(ScalaSourceFile.scala:73)
	at org.scalaide.core.compiler.InteractiveCompilationUnit$class.forceReconcile(InteractiveCompilationUnit.scala:152)
	at org.scalaide.core.internal.jdt.model.ScalaSourceFile.forceReconcile(ScalaSourceFile.scala:73)
	at org.scalaide.ui.internal.reconciliation.ScalaReconcilingStrategy.reconcile(ScalaReconcilingStrategy.scala:43)
	at org.eclipse.jdt.internal.ui.text.CompositeReconcilingStrategy.reconcile(CompositeReconcilingStrategy.java:86)
	at org.eclipse.jface.text.reconciler.MonoReconciler.process(MonoReconciler.java:77)
	at org.eclipse.jface.text.reconciler.AbstractReconciler$BackgroundThread.run(AbstractReconciler.java:206)
2015-07-02 11:31:37,086 ERROR [main] - org.scala-ide.sdt.core - org.scala-ide.sdt.core - org.scala-ide.sdt.core - 0 - Error thrown while initializing the presentation compiler.
Java Model Exception: Java Model Status [helloworld does not exist]
	at org.eclipse.jdt.internal.core.JavaElement.newNotPresentException(JavaElement.java:556)
	at org.eclipse.jdt.internal.core.JavaModelManager.getPerProjectInfoCheckExistence(JavaModelManager.java:2344)
	at org.eclipse.jdt.internal.core.JavaProject.getPerProjectInfo(JavaProject.java:1909)
	at org.eclipse.jdt.internal.core.JavaProject.getRawClasspath(JavaProject.java:1931)
	at org.scalaide.core.internal.project.ClasspathManagement$class.jdkPaths(ClasspathManagement.scala:147)
	at org.scalaide.core.internal.project.ScalaProject.jdkPaths(ScalaProject.scala:136)
	at org.scalaide.core.internal.project.ClasspathManagement$class.scalaClasspath(ClasspathManagement.scala:134)
	at org.scalaide.core.internal.project.ScalaProject.scalaClasspath(ScalaProject.scala:136)
	at org.scalaide.core.internal.project.ScalaProject.setupCompilerClasspath(ScalaProject.scala:488)
	at org.scalaide.core.internal.project.ScalaProject.initializeCompilerSettings(ScalaProject.scala:474)
	at org.scalaide.core.internal.project.ScalaProject.org$scalaide$core$internal$project$ScalaProject$$prepareCompilerSettings(ScalaProject.scala:423)
	at org.scalaide.core.internal.project.ScalaProject$$anonfun$3.apply(ScalaProject.scala:148)
	at org.scalaide.core.internal.project.ScalaProject$$anonfun$3.apply(ScalaProject.scala:148)
	at org.scalaide.core.internal.compiler.PresentationCompilerProxy.liftedTree1$1(PresentationCompilerProxy.scala:158)
	at org.scalaide.core.internal.compiler.PresentationCompilerProxy.create(PresentationCompilerProxy.scala:157)
	at org.scalaide.core.internal.compiler.PresentationCompilerProxy.initialize(PresentationCompilerProxy.scala:122)
	at org.scalaide.core.internal.compiler.PresentationCompilerProxy.obtainPc$1(PresentationCompilerProxy.scala:84)
	at org.scalaide.core.internal.compiler.PresentationCompilerProxy.internal(PresentationCompilerProxy.scala:104)
	at org.scalaide.ui.internal.editor.decorators.BaseSemanticAction.apply(BaseSemanticAction.scala:112)
	at org.scalaide.ui.internal.editor.ScalaSourceFileEditor$$anon$4$$anonfun$reconciled$1$$anonfun$apply$1.apply$mcV$sp(ScalaSourceFileEditor.scala:90)
	at org.scalaide.ui.internal.editor.ScalaSourceFileEditor$$anon$4$$anonfun$reconciled$1$$anonfun$apply$1.apply(ScalaSourceFileEditor.scala:90)
	at org.scalaide.ui.internal.editor.ScalaSourceFileEditor$$anon$4$$anonfun$reconciled$1$$anonfun$apply$1.apply(ScalaSourceFileEditor.scala:90)
	at org.scalaide.util.eclipse.EclipseUtils$$anon$3.run(EclipseUtils.scala:216)
	at org.eclipse.core.runtime.SafeRunner.run(SafeRunner.java:42)
	at org.scalaide.util.eclipse.EclipseUtils$.withSafeRunner(EclipseUtils.scala:212)
	at org.scalaide.ui.internal.editor.ScalaSourceFileEditor$$anon$4$$anonfun$reconciled$1.apply(ScalaSourceFileEditor.scala:89)
	at org.scalaide.ui.internal.editor.ScalaSourceFileEditor$$anon$4$$anonfun$reconciled$1.apply(ScalaSourceFileEditor.scala:88)
	at scala.collection.mutable.ArraySeq.foreach(ArraySeq.scala:74)
	at org.scalaide.ui.internal.editor.ScalaSourceFileEditor$$anon$4.reconciled(ScalaSourceFileEditor.scala:88)
	at org.scalaide.ui.internal.editor.ScalaSourceFileEditor$ReconcilingListeners$$anonfun$reconciled$2.apply(ScalaSourceFileEditor.scala:303)
	at org.scalaide.ui.internal.editor.ScalaSourceFileEditor$ReconcilingListeners$$anonfun$reconciled$2.apply(ScalaSourceFileEditor.scala:303)
	at scala.collection.immutable.List.foreach(List.scala:381)
	at org.scalaide.ui.internal.editor.ScalaSourceFileEditor$ReconcilingListeners.reconciled(ScalaSourceFileEditor.scala:303)
	at org.scalaide.ui.internal.editor.ScalaSourceFileEditor.reconciled(ScalaSourceFileEditor.scala:280)
	at org.scalaide.ui.internal.reconciliation.ScalaReconcilingStrategy$$anonfun$reconcile$3.apply(ScalaReconcilingStrategy.scala:53)
	at org.scalaide.ui.internal.reconciliation.ScalaReconcilingStrategy$$anonfun$reconcile$3.apply(ScalaReconcilingStrategy.scala:53)
	at scala.Option.foreach(Option.scala:257)
	at org.scalaide.ui.internal.reconciliation.ScalaReconcilingStrategy.reconcile(ScalaReconcilingStrategy.scala:53)
	at org.eclipse.jdt.internal.ui.text.CompositeReconcilingStrategy.reconcile(CompositeReconcilingStrategy.java:86)
	at org.eclipse.jface.text.reconciler.MonoReconciler.process(MonoReconciler.java:77)
	at org.eclipse.jface.text.reconciler.AbstractReconciler$BackgroundThread.run(AbstractReconciler.java:206)
2015-07-02 11:31:37,088 ERROR [main] - org.scala-ide.sdt.core - org.scala-ide.sdt.core - org.scala-ide.sdt.core - 0 - Error thrown while initializing the presentation compiler.
Java Model Exception: Java Model Status [helloworld does not exist]
	at org.eclipse.jdt.internal.core.JavaElement.newNotPresentException(JavaElement.java:556)
	at org.eclipse.jdt.internal.core.JavaModelManager.getPerProjectInfoCheckExistence(JavaModelManager.java:2344)
	at org.eclipse.jdt.internal.core.JavaProject.getPerProjectInfo(JavaProject.java:1909)
	at org.eclipse.jdt.internal.core.JavaProject.getRawClasspath(JavaProject.java:1931)
	at org.scalaide.core.internal.project.ClasspathManagement$class.jdkPaths(ClasspathManagement.scala:147)
	at org.scalaide.core.internal.project.ScalaProject.jdkPaths(ScalaProject.scala:136)
	at org.scalaide.core.internal.project.ClasspathManagement$class.scalaClasspath(ClasspathManagement.scala:134)
	at org.scalaide.core.internal.project.ScalaProject.scalaClasspath(ScalaProject.scala:136)
	at org.scalaide.core.internal.project.ScalaProject.setupCompilerClasspath(ScalaProject.scala:488)
	at org.scalaide.core.internal.project.ScalaProject.initializeCompilerSettings(ScalaProject.scala:474)
	at org.scalaide.core.internal.project.ScalaProject.org$scalaide$core$internal$project$ScalaProject$$prepareCompilerSettings(ScalaProject.scala:423)
	at org.scalaide.core.internal.project.ScalaProject$$anonfun$3.apply(ScalaProject.scala:148)
	at org.scalaide.core.internal.project.ScalaProject$$anonfun$3.apply(ScalaProject.scala:148)
	at org.scalaide.core.internal.compiler.PresentationCompilerProxy.liftedTree1$1(PresentationCompilerProxy.scala:158)
	at org.scalaide.core.internal.compiler.PresentationCompilerProxy.create(PresentationCompilerProxy.scala:157)
	at org.scalaide.core.internal.compiler.PresentationCompilerProxy.initialize(PresentationCompilerProxy.scala:122)
	at org.scalaide.core.internal.compiler.PresentationCompilerProxy.obtainPc$1(PresentationCompilerProxy.scala:84)
	at org.scalaide.core.internal.compiler.PresentationCompilerProxy.internal(PresentationCompilerProxy.scala:104)
	at org.scalaide.ui.internal.editor.decorators.BaseSemanticAction.apply(BaseSemanticAction.scala:112)
	at org.scalaide.ui.internal.editor.ScalaSourceFileEditor$$anon$4$$anonfun$reconciled$1$$anonfun$apply$1.apply$mcV$sp(ScalaSourceFileEditor.scala:90)
	at org.scalaide.ui.internal.editor.ScalaSourceFileEditor$$anon$4$$anonfun$reconciled$1$$anonfun$apply$1.apply(ScalaSourceFileEditor.scala:90)
	at org.scalaide.ui.internal.editor.ScalaSourceFileEditor$$anon$4$$anonfun$reconciled$1$$anonfun$apply$1.apply(ScalaSourceFileEditor.scala:90)
	at org.scalaide.util.eclipse.EclipseUtils$$anon$3.run(EclipseUtils.scala:216)
	at org.eclipse.core.runtime.SafeRunner.run(SafeRunner.java:42)
	at org.scalaide.util.eclipse.EclipseUtils$.withSafeRunner(EclipseUtils.scala:212)
	at org.scalaide.ui.internal.editor.ScalaSourceFileEditor$$anon$4$$anonfun$reconciled$1.apply(ScalaSourceFileEditor.scala:89)
	at org.scalaide.ui.internal.editor.ScalaSourceFileEditor$$anon$4$$anonfun$reconciled$1.apply(ScalaSourceFileEditor.scala:88)
	at scala.collection.mutable.ArraySeq.foreach(ArraySeq.scala:74)
	at org.scalaide.ui.internal.editor.ScalaSourceFileEditor$$anon$4.reconciled(ScalaSourceFileEditor.scala:88)
	at org.scalaide.ui.internal.editor.ScalaSourceFileEditor$ReconcilingListeners$$anonfun$reconciled$2.apply(ScalaSourceFileEditor.scala:303)
	at org.scalaide.ui.internal.editor.ScalaSourceFileEditor$ReconcilingListeners$$anonfun$reconciled$2.apply(ScalaSourceFileEditor.scala:303)
	at scala.collection.immutable.List.foreach(List.scala:381)
	at org.scalaide.ui.internal.editor.ScalaSourceFileEditor$ReconcilingListeners.reconciled(ScalaSourceFileEditor.scala:303)
	at org.scalaide.ui.internal.editor.ScalaSourceFileEditor.reconciled(ScalaSourceFileEditor.scala:280)
	at org.scalaide.ui.internal.reconciliation.ScalaReconcilingStrategy$$anonfun$reconcile$3.apply(ScalaReconcilingStrategy.scala:53)
	at org.scalaide.ui.internal.reconciliation.ScalaReconcilingStrategy$$anonfun$reconcile$3.apply(ScalaReconcilingStrategy.scala:53)
	at scala.Option.foreach(Option.scala:257)
	at org.scalaide.ui.internal.reconciliation.ScalaReconcilingStrategy.reconcile(ScalaReconcilingStrategy.scala:53)
	at org.eclipse.jdt.internal.ui.text.CompositeReconcilingStrategy.reconcile(CompositeReconcilingStrategy.java:86)
	at org.eclipse.jface.text.reconciler.MonoReconciler.process(MonoReconciler.java:77)
	at org.eclipse.jface.text.reconciler.AbstractReconciler$BackgroundThread.run(AbstractReconciler.java:206)
2015-07-02 11:31:37,090 ERROR [main] - org.scala-ide.sdt.core - org.scala-ide.sdt.core - org.scala-ide.sdt.core - 0 - Error thrown while initializing the presentation compiler.
Java Model Exception: Java Model Status [helloworld does not exist]
	at org.eclipse.jdt.internal.core.JavaElement.newNotPresentException(JavaElement.java:556)
	at org.eclipse.jdt.internal.core.JavaModelManager.getPerProjectInfoCheckExistence(JavaModelManager.java:2344)
	at org.eclipse.jdt.internal.core.JavaProject.getPerProjectInfo(JavaProject.java:1909)
	at org.eclipse.jdt.internal.core.JavaProject.getRawClasspath(JavaProject.java:1931)
	at org.scalaide.core.internal.project.ClasspathManagement$class.jdkPaths(ClasspathManagement.scala:147)
	at org.scalaide.core.internal.project.ScalaProject.jdkPaths(ScalaProject.scala:136)
	at org.scalaide.core.internal.project.ClasspathManagement$class.scalaClasspath(ClasspathManagement.scala:134)
	at org.scalaide.core.internal.project.ScalaProject.scalaClasspath(ScalaProject.scala:136)
	at org.scalaide.core.internal.project.ScalaProject.setupCompilerClasspath(ScalaProject.scala:488)
	at org.scalaide.core.internal.project.ScalaProject.initializeCompilerSettings(ScalaProject.scala:474)
	at org.scalaide.core.internal.project.ScalaProject.org$scalaide$core$internal$project$ScalaProject$$prepareCompilerSettings(ScalaProject.scala:423)
	at org.scalaide.core.internal.project.ScalaProject$$anonfun$3.apply(ScalaProject.scala:148)
	at org.scalaide.core.internal.project.ScalaProject$$anonfun$3.apply(ScalaProject.scala:148)
	at org.scalaide.core.internal.compiler.PresentationCompilerProxy.liftedTree1$1(PresentationCompilerProxy.scala:158)
	at org.scalaide.core.internal.compiler.PresentationCompilerProxy.create(PresentationCompilerProxy.scala:157)
	at org.scalaide.core.internal.compiler.PresentationCompilerProxy.initialize(PresentationCompilerProxy.scala:122)
	at org.scalaide.core.internal.compiler.PresentationCompilerProxy.obtainPc$1(PresentationCompilerProxy.scala:84)
	at org.scalaide.core.internal.compiler.PresentationCompilerProxy.internal(PresentationCompilerProxy.scala:104)
	at org.scalaide.ui.internal.editor.decorators.BaseSemanticAction.apply(BaseSemanticAction.scala:112)
	at org.scalaide.ui.internal.editor.ScalaSourceFileEditor$$anon$4$$anonfun$reconciled$1$$anonfun$apply$1.apply$mcV$sp(ScalaSourceFileEditor.scala:90)
	at org.scalaide.ui.internal.editor.ScalaSourceFileEditor$$anon$4$$anonfun$reconciled$1$$anonfun$apply$1.apply(ScalaSourceFileEditor.scala:90)
	at org.scalaide.ui.internal.editor.ScalaSourceFileEditor$$anon$4$$anonfun$reconciled$1$$anonfun$apply$1.apply(ScalaSourceFileEditor.scala:90)
	at org.scalaide.util.eclipse.EclipseUtils$$anon$3.run(EclipseUtils.scala:216)
	at org.eclipse.core.runtime.SafeRunner.run(SafeRunner.java:42)
	at org.scalaide.util.eclipse.EclipseUtils$.withSafeRunner(EclipseUtils.scala:212)
	at org.scalaide.ui.internal.editor.ScalaSourceFileEditor$$anon$4$$anonfun$reconciled$1.apply(ScalaSourceFileEditor.scala:89)
	at org.scalaide.ui.internal.editor.ScalaSourceFileEditor$$anon$4$$anonfun$reconciled$1.apply(ScalaSourceFileEditor.scala:88)
	at scala.collection.mutable.ArraySeq.foreach(ArraySeq.scala:74)
	at org.scalaide.ui.internal.editor.ScalaSourceFileEditor$$anon$4.reconciled(ScalaSourceFileEditor.scala:88)
	at org.scalaide.ui.internal.editor.ScalaSourceFileEditor$ReconcilingListeners$$anonfun$reconciled$2.apply(ScalaSourceFileEditor.scala:303)
	at org.scalaide.ui.internal.editor.ScalaSourceFileEditor$ReconcilingListeners$$anonfun$reconciled$2.apply(ScalaSourceFileEditor.scala:303)
	at scala.collection.immutable.List.foreach(List.scala:381)
	at org.scalaide.ui.internal.editor.ScalaSourceFileEditor$ReconcilingListeners.reconciled(ScalaSourceFileEditor.scala:303)
	at org.scalaide.ui.internal.editor.ScalaSourceFileEditor.reconciled(ScalaSourceFileEditor.scala:280)
	at org.scalaide.ui.internal.reconciliation.ScalaReconcilingStrategy$$anonfun$reconcile$3.apply(ScalaReconcilingStrategy.scala:53)
	at org.scalaide.ui.internal.reconciliation.ScalaReconcilingStrategy$$anonfun$reconcile$3.apply(ScalaReconcilingStrategy.scala:53)
	at scala.Option.foreach(Option.scala:257)
	at org.scalaide.ui.internal.reconciliation.ScalaReconcilingStrategy.reconcile(ScalaReconcilingStrategy.scala:53)
	at org.eclipse.jdt.internal.ui.text.CompositeReconcilingStrategy.reconcile(CompositeReconcilingStrategy.java:86)
	at org.eclipse.jface.text.reconciler.MonoReconciler.process(MonoReconciler.java:77)
	at org.eclipse.jface.text.reconciler.AbstractReconciler$BackgroundThread.run(AbstractReconciler.java:206)
2015-07-02 11:31:49,169  WARN [Worker-1] - ScalaProject - Project helloworld has platform default sourceLevel.
2015-07-02 11:31:49,170  WARN [Worker-1] - ScalaProject - Project helloworld runs on platform default installation.
2015-07-02 11:31:49,171 ERROR [main] - org.scala-ide.sdt.core - org.scala-ide.sdt.core - org.scala-ide.sdt.core - 0 - Error thrown while initializing the presentation compiler.
Java Model Exception: Java Model Status [helloworld does not exist]
	at org.eclipse.jdt.internal.core.JavaElement.newNotPresentException(JavaElement.java:556)
	at org.eclipse.jdt.internal.core.JavaModelManager.getPerProjectInfoCheckExistence(JavaModelManager.java:2344)
	at org.eclipse.jdt.internal.core.JavaProject.getPerProjectInfo(JavaProject.java:1909)
	at org.eclipse.jdt.internal.core.JavaProject.getRawClasspath(JavaProject.java:1931)
	at org.scalaide.core.internal.project.ClasspathManagement$class.jdkPaths(ClasspathManagement.scala:147)
	at org.scalaide.core.internal.project.ScalaProject.jdkPaths(ScalaProject.scala:136)
	at org.scalaide.core.internal.project.ClasspathManagement$class.scalaClasspath(ClasspathManagement.scala:134)
	at org.scalaide.core.internal.project.ScalaProject.scalaClasspath(ScalaProject.scala:136)
	at org.scalaide.core.internal.project.ScalaProject.setupCompilerClasspath(ScalaProject.scala:488)
	at org.scalaide.core.internal.project.ScalaProject.initializeCompilerSettings(ScalaProject.scala:474)
	at org.scalaide.core.internal.project.ScalaProject.org$scalaide$core$internal$project$ScalaProject$$prepareCompilerSettings(ScalaProject.scala:423)
	at org.scalaide.core.internal.project.ScalaProject$$anonfun$3.apply(ScalaProject.scala:148)
	at org.scalaide.core.internal.project.ScalaProject$$anonfun$3.apply(ScalaProject.scala:148)
	at org.scalaide.core.internal.compiler.PresentationCompilerProxy.liftedTree1$1(PresentationCompilerProxy.scala:158)
	at org.scalaide.core.internal.compiler.PresentationCompilerProxy.create(PresentationCompilerProxy.scala:157)
	at org.scalaide.core.internal.compiler.PresentationCompilerProxy.initialize(PresentationCompilerProxy.scala:122)
	at org.scalaide.core.internal.compiler.PresentationCompilerProxy.obtainPc$1(PresentationCompilerProxy.scala:84)
	at org.scalaide.core.internal.compiler.PresentationCompilerProxy.internal(PresentationCompilerProxy.scala:104)
	at org.scalaide.core.internal.compiler.PresentationCompilerProxy.apply(PresentationCompilerProxy.scala:62)
	at org.scalaide.core.compiler.InteractiveCompilationUnit$class.withSourceFile(InteractiveCompilationUnit.scala:202)
	at org.scalaide.core.internal.jdt.model.ScalaSourceFile.withSourceFile(ScalaSourceFile.scala:73)
	at org.scalaide.ui.internal.editor.decorators.semantichighlighting.Presenter$SemanticHighlightingJob$$anonfun$performSemanticHighlighting$1.apply(Presenter.scala:119)
	at org.scalaide.ui.internal.editor.decorators.semantichighlighting.Presenter$SemanticHighlightingJob$$anonfun$performSemanticHighlighting$1.apply(Presenter.scala:119)
	at scala.Option.flatMap(Option.scala:171)
	at org.scalaide.ui.internal.editor.decorators.semantichighlighting.Presenter$SemanticHighlightingJob.performSemanticHighlighting(Presenter.scala:119)
	at org.scalaide.ui.internal.editor.decorators.semantichighlighting.Presenter$SemanticHighlightingJob.run(Presenter.scala:115)
	at org.eclipse.core.internal.jobs.Worker.run(Worker.java:54)
2015-07-02 11:32:12,572  WARN [ModalContext] - ScalaProject - Project HelloWorld has platform default sourceLevel.
2015-07-02 11:32:12,572  WARN [ModalContext] - ScalaProject - Project HelloWorld runs on platform default installation.
2015-07-02 11:32:13,348  WARN [Worker-3] - ScalaProject - Project HelloWorld has platform default sourceLevel.
2015-07-02 11:32:13,348  WARN [Worker-3] - ScalaProject - Project HelloWorld runs on platform default installation.
2015-07-02 11:32:13,533  WARN [Worker-3] - ScalaProject - Project HelloWorld has platform default sourceLevel.
2015-07-02 11:32:13,534  WARN [Worker-3] - ScalaProject - Project HelloWorld runs on platform default installation.
2015-07-02 11:32:13,551  WARN [Worker-3] - ScalaProject - Project HelloWorld has platform default sourceLevel.
2015-07-02 11:32:13,551  WARN [Worker-3] - ScalaProject - Project HelloWorld runs on platform default installation.
2015-07-02 11:33:26,469  WARN [main] - ScalaProject - Project HelloWorld has platform default sourceLevel.
2015-07-02 11:33:26,479  WARN [main] - ScalaProject - Project HelloWorld runs on platform default installation.
2015-07-02 11:33:28,700  WARN [Worker-0] - ScalaProject - Project HelloWorld has platform default sourceLevel.
2015-07-02 11:33:28,700  WARN [Worker-0] - ScalaProject - Project HelloWorld runs on platform default installation.
2015-07-02 11:33:28,773  WARN [Worker-0] - ScalaProject - Project HelloWorld has platform default sourceLevel.
2015-07-02 11:33:28,774  WARN [Worker-0] - ScalaProject - Project HelloWorld runs on platform default installation.
2015-07-02 11:33:29,099  WARN [Java indexing] - ScalaProject - Project HelloWorld has platform default sourceLevel.
2015-07-02 11:33:29,099  WARN [Java indexing] - ScalaProject - Project HelloWorld runs on platform default installation.
2015-07-02 11:33:30,736  WARN [Worker-0] - ScalaProject - Project HelloWorld has platform default sourceLevel.
2015-07-02 11:33:30,736  WARN [Worker-0] - ScalaProject - Project HelloWorld runs on platform default installation.
2015-07-02 11:33:31,753  WARN [Worker-1] - ScalaProject - Project HelloWorld has platform default sourceLevel.
2015-07-02 11:33:31,753  WARN [Worker-1] - ScalaProject - Project HelloWorld runs on platform default installation.
2015-07-02 11:33:31,773  WARN [Worker-1] - ScalaProject - Project HelloWorld has platform default sourceLevel.
2015-07-02 11:33:31,773  WARN [Worker-1] - ScalaProject - Project HelloWorld runs on platform default installation.
2015-07-02 11:33:32,730  WARN [Worker-1] - ScalaProject - Project HelloWorld has platform default sourceLevel.
2015-07-02 11:33:32,730  WARN [Worker-1] - ScalaProject - Project HelloWorld runs on platform default installation.
2015-07-02 11:34:46,675  WARN [Worker-1] - ScalaProject - Project HelloWorld has platform default sourceLevel.
2015-07-02 11:34:46,675  WARN [Worker-1] - ScalaProject - Project HelloWorld runs on platform default installation.
2015-07-02 11:34:46,688  WARN [Worker-1] - ScalaProject - Project HelloWorld has platform default sourceLevel.
2015-07-02 11:34:46,688  WARN [Worker-1] - ScalaProject - Project HelloWorld runs on platform default installation.
2015-07-02 11:34:50,005  WARN [Worker-1] - ScalaProject - Project HelloWorld has platform default sourceLevel.
2015-07-02 11:34:50,005  WARN [Worker-1] - ScalaProject - Project HelloWorld runs on platform default installation.
2015-07-02 11:40:13,947  WARN [ModalContext] - ScalaProject - Project hello has platform default sourceLevel.
2015-07-02 11:40:13,948  WARN [ModalContext] - ScalaProject - Project hello runs on platform default installation.
2015-07-02 11:40:14,296  WARN [Worker-2] - ScalaProject - Project hello has platform default sourceLevel.
2015-07-02 11:40:14,297  WARN [Worker-2] - ScalaProject - Project hello runs on platform default installation.
2015-07-02 11:40:14,500  WARN [Worker-2] - ScalaProject - Project hello has platform default sourceLevel.
2015-07-02 11:40:14,500  WARN [Worker-2] - ScalaProject - Project hello runs on platform default installation.
2015-07-02 11:40:14,517  WARN [Worker-2] - ScalaProject - Project hello has platform default sourceLevel.
2015-07-02 11:40:14,517  WARN [Worker-2] - ScalaProject - Project hello runs on platform default installation.
2015-07-02 11:40:36,307  WARN [main] - ScalaProject - Project hello has platform default sourceLevel.
2015-07-02 11:40:36,307  WARN [main] - ScalaProject - Project hello runs on platform default installation.
2015-07-02 11:40:38,990  WARN [main] - ScalaProject - Project hello has platform default sourceLevel.
2015-07-02 11:40:38,991  WARN [main] - ScalaProject - Project hello runs on platform default installation.
2015-07-02 11:40:39,309  WARN [Worker-7] - ScalaProject - Project hello has platform default sourceLevel.
2015-07-02 11:40:39,310  WARN [Worker-7] - ScalaProject - Project hello runs on platform default installation.
2015-07-02 11:40:39,324  WARN [Worker-7] - ScalaProject - Project hello has platform default sourceLevel.
2015-07-02 11:40:39,325  WARN [Worker-7] - ScalaProject - Project hello runs on platform default installation.
2015-07-02 11:40:42,781  WARN [Worker-7] - ScalaProject - Project hello has platform default sourceLevel.
2015-07-02 11:40:42,781  WARN [Worker-7] - ScalaProject - Project hello runs on platform default installation.
2015-07-02 11:40:58,290  WARN [Worker-0] - ScalaProject - Project hello has platform default sourceLevel.
2015-07-02 11:40:58,290  WARN [Worker-0] - ScalaProject - Project hello runs on platform default installation.
2015-07-02 11:40:58,303  WARN [Worker-0] - ScalaProject - Project hello has platform default sourceLevel.
2015-07-02 11:40:58,303  WARN [Worker-0] - ScalaProject - Project hello runs on platform default installation.
2015-07-02 11:40:59,513  WARN [Worker-0] - ScalaProject - Project hello has platform default sourceLevel.
2015-07-02 11:40:59,513  WARN [Worker-0] - ScalaProject - Project hello runs on platform default installation.
2015-07-02 23:41:07,595 ERROR [Worker-27] - System.err - SLF4J: Failed to load class "org.slf4j.impl.StaticLoggerBinder".
2015-07-02 23:41:07,601 ERROR [Worker-27] - System.err - SLF4J: Defaulting to no-operation (NOP) logger implementation
2015-07-02 23:41:07,601 ERROR [Worker-27] - System.err - SLF4J: See http://www.slf4j.org/codes.html#StaticLoggerBinder for further details.
2015-07-02 23:44:22,546  WARN [ModalContext] - ScalaProject - Project test has platform default sourceLevel.
2015-07-02 23:44:22,555  WARN [ModalContext] - ScalaProject - Project test runs on platform default installation.
2015-07-02 23:44:22,849  WARN [Worker-27] - ScalaProject - Project test has platform default sourceLevel.
2015-07-02 23:44:22,849  WARN [Worker-27] - ScalaProject - Project test runs on platform default installation.
2015-07-02 23:44:22,859  WARN [Worker-27] - ScalaProject - Project test has platform default sourceLevel.
2015-07-02 23:44:22,860  WARN [Worker-27] - ScalaProject - Project test runs on platform default installation.
2015-07-02 23:44:22,869  WARN [Worker-27] - ScalaProject - Project test has platform default sourceLevel.
2015-07-02 23:44:22,869  WARN [Worker-27] - ScalaProject - Project test runs on platform default installation.
2015-07-02 23:44:34,604  WARN [main] - ScalaProject - Project test has platform default sourceLevel.
2015-07-02 23:44:34,605  WARN [main] - ScalaProject - Project test runs on platform default installation.
2015-07-02 23:44:35,740  WARN [main] - ScalaProject - Project test has platform default sourceLevel.
2015-07-02 23:44:35,740  WARN [main] - ScalaProject - Project test runs on platform default installation.
2015-07-02 23:44:35,921  WARN [Worker-28] - ScalaProject - Project test has platform default sourceLevel.
2015-07-02 23:44:35,921  WARN [Worker-28] - ScalaProject - Project test runs on platform default installation.
2015-07-02 23:44:35,934  WARN [Worker-28] - ScalaProject - Project test has platform default sourceLevel.
2015-07-02 23:44:35,934  WARN [Worker-28] - ScalaProject - Project test runs on platform default installation.
2015-07-02 23:44:38,276  WARN [Worker-28] - ScalaProject - Project test has platform default sourceLevel.
2015-07-02 23:44:38,277  WARN [Worker-28] - ScalaProject - Project test runs on platform default installation.
2015-07-02 23:45:44,314  WARN [Worker-27] - ScalaProject - Project test has platform default sourceLevel.
2015-07-02 23:45:44,314  WARN [Worker-27] - ScalaProject - Project test runs on platform default installation.
2015-07-02 23:45:44,323  WARN [Worker-27] - ScalaProject - Project test has platform default sourceLevel.
2015-07-02 23:45:44,323  WARN [Worker-27] - ScalaProject - Project test runs on platform default installation.
2015-07-02 23:45:47,141  WARN [Worker-27] - ScalaProject - Project test has platform default sourceLevel.
2015-07-02 23:45:47,141  WARN [Worker-27] - ScalaProject - Project test runs on platform default installation.
2015-07-04 10:55:10,532  WARN [Worker-0] - ScalaProject - Project test has platform default sourceLevel.
2015-07-04 10:55:10,536  WARN [Worker-0] - ScalaProject - Project test runs on platform default installation.
2015-07-04 10:55:10,734  WARN [Worker-1] - ScalaProject - Project test has platform default sourceLevel.
2015-07-04 10:55:10,734  WARN [Worker-1] - ScalaProject - Project test runs on platform default installation.
2015-07-04 10:55:10,740  WARN [Worker-1] - ScalaProject - Project test has platform default sourceLevel.
2015-07-04 10:55:10,740  WARN [Worker-1] - ScalaProject - Project test runs on platform default installation.
2015-07-04 10:55:10,764  WARN [Worker-1] - ScalaProject - Project test has platform default sourceLevel.
2015-07-04 10:55:10,764  WARN [Worker-1] - ScalaProject - Project test runs on platform default installation.
2015-07-04 10:55:10,799  WARN [Worker-1] - ScalaProject - Project test has platform default sourceLevel.
2015-07-04 10:55:10,799  WARN [Worker-1] - ScalaProject - Project test runs on platform default installation.
2015-07-04 10:55:12,178  WARN [main] - ScalaProject - Project test has platform default sourceLevel.
2015-07-04 10:55:12,178  WARN [main] - ScalaProject - Project test runs on platform default installation.
2015-07-04 10:57:53,064  WARN [Worker-2] - ScalaProject - Project test has platform default sourceLevel.
2015-07-04 10:57:53,065  WARN [Worker-2] - ScalaProject - Project test runs on platform default installation.
2015-07-04 10:57:53,086  WARN [Worker-2] - ScalaProject - Project test has platform default sourceLevel.
2015-07-04 10:57:53,086  WARN [Worker-2] - ScalaProject - Project test runs on platform default installation.
2015-07-04 10:57:55,961  WARN [Worker-2] - ScalaProject - Project test has platform default sourceLevel.
2015-07-04 10:57:55,961  WARN [Worker-2] - ScalaProject - Project test runs on platform default installation.
2015-07-04 10:58:37,850 ERROR [Worker-2] - System.err - SLF4J: Failed to load class "org.slf4j.impl.StaticLoggerBinder".
2015-07-04 10:58:37,850 ERROR [Worker-2] - System.err - SLF4J: Defaulting to no-operation (NOP) logger implementation
2015-07-04 10:58:37,850 ERROR [Worker-2] - System.err - SLF4J: See http://www.slf4j.org/codes.html#StaticLoggerBinder for further details.
2015-07-04 11:07:56,319  WARN [main] - ScalaProject - Project test has platform default sourceLevel.
2015-07-04 11:07:56,320  WARN [main] - ScalaProject - Project test runs on platform default installation.
2015-07-04 11:07:56,324  WARN [main] - ScalaProject - Project test has platform default sourceLevel.
2015-07-04 11:07:56,324  WARN [main] - ScalaProject - Project test runs on platform default installation.
2015-07-04 11:17:03,922  WARN [main] - ScalaProject - Project test has platform default sourceLevel.
2015-07-04 11:17:03,932  WARN [main] - ScalaProject - Project test runs on platform default installation.
2015-07-04 11:17:03,936  WARN [main] - ScalaProject - Project test has platform default sourceLevel.
2015-07-04 11:17:03,937  WARN [main] - ScalaProject - Project test runs on platform default installation.
2015-07-04 11:17:31,757  WARN [Worker-1] - ScalaProject - Project test has platform default sourceLevel.
2015-07-04 11:17:31,757  WARN [Worker-1] - ScalaProject - Project test runs on platform default installation.
2015-07-04 11:17:31,805  WARN [Worker-1] - ScalaProject - Project test has platform default sourceLevel.
2015-07-04 11:17:31,805  WARN [Worker-1] - ScalaProject - Project test runs on platform default installation.
2015-07-04 11:17:31,944  WARN [Worker-1] - ScalaProject - Project test has platform default sourceLevel.
2015-07-04 11:17:31,944  WARN [Worker-1] - ScalaProject - Project test runs on platform default installation.
2015-07-04 11:17:32,119  WARN [Worker-1] - ScalaProject - Project test has platform default sourceLevel.
2015-07-04 11:17:32,120  WARN [Worker-1] - ScalaProject - Project test runs on platform default installation.
2015-07-04 11:17:32,273 ERROR [Worker-1] - System.err - SLF4J: Failed to load class "org.slf4j.impl.StaticLoggerBinder".
2015-07-04 11:17:32,273 ERROR [Worker-1] - System.err - SLF4J: Defaulting to no-operation (NOP) logger implementation
2015-07-04 11:17:32,273 ERROR [Worker-1] - System.err - SLF4J: See http://www.slf4j.org/codes.html#StaticLoggerBinder for further details.
2015-07-04 11:17:40,200  WARN [ModalContext] - ScalaProject - Project hello has platform default sourceLevel.
2015-07-04 11:17:40,206  WARN [ModalContext] - ScalaProject - Project hello runs on platform default installation.
2015-07-04 11:17:40,223  WARN [ModalContext] - ScalaProject - Project hello has platform default sourceLevel.
2015-07-04 11:17:40,224  WARN [ModalContext] - ScalaProject - Project hello runs on platform default installation.
2015-07-04 11:19:45,790  WARN [ModalContext] - ScalaProject - Project hello-project has platform default sourceLevel.
2015-07-04 11:19:45,797  WARN [ModalContext] - ScalaProject - Project hello-project runs on platform default installation.
2015-07-04 11:19:46,098  WARN [Worker-2] - ScalaProject - Project hello-project has platform default sourceLevel.
2015-07-04 11:19:46,098  WARN [Worker-2] - ScalaProject - Project hello-project runs on platform default installation.
2015-07-04 11:19:46,126  WARN [Worker-2] - ScalaProject - Project hello-project has platform default sourceLevel.
2015-07-04 11:19:46,126  WARN [Worker-2] - ScalaProject - Project hello-project runs on platform default installation.
2015-07-04 11:19:46,142  WARN [Worker-2] - ScalaProject - Project hello-project has platform default sourceLevel.
2015-07-04 11:19:46,143  WARN [Worker-2] - ScalaProject - Project hello-project runs on platform default installation.
2015-07-04 11:20:09,771  WARN [main] - ScalaProject - Project hello-project has platform default sourceLevel.
2015-07-04 11:20:09,776  WARN [main] - ScalaProject - Project hello-project runs on platform default installation.
2015-07-04 11:20:11,813  WARN [Worker-6] - ScalaProject - Project hello-project has platform default sourceLevel.
2015-07-04 11:20:11,813  WARN [Worker-6] - ScalaProject - Project hello-project runs on platform default installation.
2015-07-04 11:20:11,876  WARN [Worker-6] - ScalaProject - Project hello-project has platform default sourceLevel.
2015-07-04 11:20:11,876  WARN [Worker-6] - ScalaProject - Project hello-project runs on platform default installation.
2015-07-04 11:20:12,205  WARN [Java indexing] - ScalaProject - Project hello-project has platform default sourceLevel.
2015-07-04 11:20:12,205  WARN [Java indexing] - ScalaProject - Project hello-project runs on platform default installation.
2015-07-04 11:20:13,600  WARN [Worker-6] - ScalaProject - Project hello-project has platform default sourceLevel.
2015-07-04 11:20:13,600  WARN [Worker-6] - ScalaProject - Project hello-project runs on platform default installation.
2015-07-04 11:20:14,617  WARN [Worker-6] - ScalaProject - Project hello-project has platform default sourceLevel.
2015-07-04 11:20:14,617  WARN [Worker-6] - ScalaProject - Project hello-project runs on platform default installation.
2015-07-04 11:20:14,627  WARN [Worker-6] - ScalaProject - Project hello-project has platform default sourceLevel.
2015-07-04 11:20:14,627  WARN [Worker-6] - ScalaProject - Project hello-project runs on platform default installation.
2015-07-04 11:20:15,513  WARN [Worker-6] - ScalaProject - Project hello-project has platform default sourceLevel.
2015-07-04 11:20:15,514  WARN [Worker-6] - ScalaProject - Project hello-project runs on platform default installation.
2015-07-04 11:20:31,842  WARN [Worker-6] - ScalaProject - Project hello-project has platform default sourceLevel.
2015-07-04 11:20:31,931  WARN [Worker-6] - ScalaProject - Project hello-project runs on platform default installation.
2015-07-04 11:20:31,941  WARN [Worker-6] - ScalaProject - Project hello-project has platform default sourceLevel.
2015-07-04 11:20:31,941  WARN [Worker-6] - ScalaProject - Project hello-project runs on platform default installation.
2015-07-04 11:20:33,087  WARN [Worker-6] - ScalaProject - Project hello-project has platform default sourceLevel.
2015-07-04 11:20:33,088  WARN [Worker-6] - ScalaProject - Project hello-project runs on platform default installation.
2015-07-04 11:21:30,673  WARN [Worker-7] - ScalaProject - Project hello-project has platform default sourceLevel.
2015-07-04 11:21:30,800  WARN [Worker-7] - ScalaProject - Project hello-project runs on platform default installation.
2015-07-04 11:21:30,813  WARN [Worker-7] - ScalaProject - Project hello-project has platform default sourceLevel.
2015-07-04 11:21:30,813  WARN [Worker-7] - ScalaProject - Project hello-project runs on platform default installation.
2015-07-04 11:21:33,161  WARN [Worker-7] - ScalaProject - Project hello-project has platform default sourceLevel.
2015-07-04 11:21:33,161  WARN [Worker-7] - ScalaProject - Project hello-project runs on platform default installation.
2015-09-05 06:35:18,306  WARN [main] - ScalaProject - Project hello-project has platform default sourceLevel.
2015-09-05 06:35:18,312  WARN [main] - ScalaProject - Project hello-project runs on platform default installation.
2015-09-05 06:35:18,318  WARN [main] - ScalaProject - Project hello-project has platform default sourceLevel.
2015-09-05 06:35:18,318  WARN [main] - ScalaProject - Project hello-project runs on platform default installation.
2015-09-05 11:31:43,762  WARN [Worker-20] - ScalaProject - Project hello-project has platform default sourceLevel.
2015-09-05 11:31:43,772  WARN [Worker-20] - ScalaProject - Project hello-project runs on platform default installation.
2015-09-05 11:31:43,811  WARN [Worker-20] - ScalaProject - Project hello-project has platform default sourceLevel.
2015-09-05 11:31:43,811  WARN [Worker-20] - ScalaProject - Project hello-project runs on platform default installation.
2015-09-05 11:31:43,939  WARN [Worker-20] - ScalaProject - Project hello-project has platform default sourceLevel.
2015-09-05 11:31:43,940  WARN [Worker-20] - ScalaProject - Project hello-project runs on platform default installation.
2015-09-05 11:31:44,151  WARN [Worker-20] - ScalaProject - Project hello-project has platform default sourceLevel.
2015-09-05 11:31:44,151  WARN [Worker-20] - ScalaProject - Project hello-project runs on platform default installation.
2015-09-05 11:31:44,294  WARN [org.scalaide.ui.internal.reconciliation.ScalaReconciler] - ScalaProject - Project hello-project has platform default sourceLevel.
2015-09-05 11:31:44,295  WARN [org.scalaide.ui.internal.reconciliation.ScalaReconciler] - ScalaProject - Project hello-project runs on platform default installation.
2015-09-05 11:31:51,112  WARN [Worker-21] - ScalaProject - Project hello-project has platform default sourceLevel.
2015-09-05 11:31:51,132  WARN [Worker-21] - ScalaProject - Project hello-project runs on platform default installation.
2015-09-05 11:31:51,147  WARN [Worker-21] - ScalaProject - Project hello-project has platform default sourceLevel.
2015-09-05 11:31:51,147  WARN [Worker-21] - ScalaProject - Project hello-project runs on platform default installation.
2015-09-05 11:31:51,241  WARN [Worker-21] - ScalaProject - Project hello-project has platform default sourceLevel.
2015-09-05 11:31:51,241  WARN [Worker-21] - ScalaProject - Project hello-project runs on platform default installation.
2015-09-09 12:33:31,292  WARN [main] - ScalaProject - Project hello-project has platform default sourceLevel.
2015-09-09 12:33:31,292  WARN [main] - ScalaProject - Project hello-project runs on platform default installation.
2015-09-09 12:33:34,283  WARN [Worker-369] - ScalaProject - Project hello-project has platform default sourceLevel.
2015-09-09 12:33:34,284  WARN [Worker-369] - ScalaProject - Project hello-project runs on platform default installation.
2015-09-09 12:33:34,344  WARN [Worker-369] - ScalaProject - Project hello-project has platform default sourceLevel.
2015-09-09 12:33:34,344  WARN [Worker-369] - ScalaProject - Project hello-project runs on platform default installation.
2015-09-09 12:33:34,703  WARN [Java indexing] - ScalaProject - Project hello-project has platform default sourceLevel.
2015-09-09 12:33:34,703  WARN [Java indexing] - ScalaProject - Project hello-project runs on platform default installation.
2015-09-09 12:33:38,441  WARN [Worker-369] - ScalaProject - Project hello-project has platform default sourceLevel.
2015-09-09 12:33:38,441  WARN [Worker-369] - ScalaProject - Project hello-project runs on platform default installation.
2015-09-09 12:33:39,458  WARN [Worker-393] - ScalaProject - Project hello-project has platform default sourceLevel.
2015-09-09 12:33:39,458  WARN [Worker-393] - ScalaProject - Project hello-project runs on platform default installation.
2015-09-09 12:33:39,528  WARN [Worker-393] - ScalaProject - Project hello-project has platform default sourceLevel.
2015-09-09 12:33:39,528  WARN [Worker-393] - ScalaProject - Project hello-project runs on platform default installation.
2015-09-09 12:33:41,453  WARN [Worker-393] - ScalaProject - Project hello-project has platform default sourceLevel.
2015-09-09 12:33:41,453  WARN [Worker-393] - ScalaProject - Project hello-project runs on platform default installation.
2015-09-09 12:36:48,896  WARN [Worker-397] - ScalaProject - Project hello-project has platform default sourceLevel.
2015-09-09 12:36:48,897  WARN [Worker-397] - ScalaProject - Project hello-project runs on platform default installation.
2015-09-09 12:36:48,908  WARN [Worker-397] - ScalaProject - Project hello-project has platform default sourceLevel.
2015-09-09 12:36:48,908  WARN [Worker-397] - ScalaProject - Project hello-project runs on platform default installation.
2015-09-09 12:36:50,992  WARN [Worker-397] - ScalaProject - Project hello-project has platform default sourceLevel.
2015-09-09 12:36:50,993  WARN [Worker-397] - ScalaProject - Project hello-project runs on platform default installation.
2015-09-09 12:37:08,864 ERROR [Worker-396] - System.err - SLF4J: Failed to load class "org.slf4j.impl.StaticLoggerBinder".
2015-09-09 12:37:08,864 ERROR [Worker-396] - System.err - SLF4J: Defaulting to no-operation (NOP) logger implementation
2015-09-09 12:37:08,864 ERROR [Worker-396] - System.err - SLF4J: See http://www.slf4j.org/codes.html#StaticLoggerBinder for further details.
2015-09-09 12:41:17,970  WARN [ModalContext] - ScalaProject - Project hello-project2 has platform default sourceLevel.
2015-09-09 12:41:17,970  WARN [ModalContext] - ScalaProject - Project hello-project2 runs on platform default installation.
2015-09-09 12:41:18,318  WARN [Worker-393] - ScalaProject - Project hello-project2 has platform default sourceLevel.
2015-09-09 12:41:18,318  WARN [Worker-393] - ScalaProject - Project hello-project2 runs on platform default installation.
2015-09-09 12:41:18,331  WARN [Worker-393] - ScalaProject - Project hello-project2 has platform default sourceLevel.
2015-09-09 12:41:18,331  WARN [Worker-393] - ScalaProject - Project hello-project2 runs on platform default installation.
2015-09-09 12:41:18,342  WARN [Worker-393] - ScalaProject - Project hello-project2 has platform default sourceLevel.
2015-09-09 12:41:18,342  WARN [Worker-393] - ScalaProject - Project hello-project2 runs on platform default installation.
2015-09-09 12:41:53,007  WARN [main] - ScalaProject - Project hello-project2 has platform default sourceLevel.
2015-09-09 12:41:53,008  WARN [main] - ScalaProject - Project hello-project2 runs on platform default installation.
2015-09-09 12:42:47,848  WARN [Worker-393] - ScalaProject - Project hello-project2 has platform default sourceLevel.
2015-09-09 12:42:47,865  WARN [Worker-393] - ScalaProject - Project hello-project2 runs on platform default installation.
2015-09-09 12:42:47,875  WARN [Worker-393] - ScalaProject - Project hello-project2 has platform default sourceLevel.
2015-09-09 12:42:47,875  WARN [Worker-393] - ScalaProject - Project hello-project2 runs on platform default installation.
2015-09-09 12:42:47,886  WARN [Worker-393] - ScalaProject - Project hello-project2 has platform default sourceLevel.
2015-09-09 12:42:47,886  WARN [Worker-393] - ScalaProject - Project hello-project2 runs on platform default installation.
2015-09-09 12:43:49,301  WARN [main] - ScalaProject - Project hello-project2 has platform default sourceLevel.
2015-09-09 12:43:49,301  WARN [main] - ScalaProject - Project hello-project2 runs on platform default installation.
2015-09-09 12:43:51,008  WARN [main] - ScalaProject - Project hello-project2 has platform default sourceLevel.
2015-09-09 12:43:51,009  WARN [main] - ScalaProject - Project hello-project2 runs on platform default installation.
2015-09-09 12:43:51,118  WARN [Worker-399] - ScalaProject - Project hello-project2 has platform default sourceLevel.
2015-09-09 12:43:51,118  WARN [Worker-399] - ScalaProject - Project hello-project2 runs on platform default installation.
2015-09-09 12:43:51,132  WARN [Worker-399] - ScalaProject - Project hello-project2 has platform default sourceLevel.
2015-09-09 12:43:51,133  WARN [Worker-399] - ScalaProject - Project hello-project2 runs on platform default installation.
2015-09-09 12:43:53,108  WARN [Worker-399] - ScalaProject - Project hello-project2 has platform default sourceLevel.
2015-09-09 12:43:53,108  WARN [Worker-399] - ScalaProject - Project hello-project2 runs on platform default installation.
2015-09-09 12:44:02,153  WARN [Worker-399] - ScalaProject - Project hello-project2 has platform default sourceLevel.
2015-09-09 12:44:02,154  WARN [Worker-399] - ScalaProject - Project hello-project2 runs on platform default installation.
2015-09-09 12:44:02,162  WARN [Worker-399] - ScalaProject - Project hello-project2 has platform default sourceLevel.
2015-09-09 12:44:02,163  WARN [Worker-399] - ScalaProject - Project hello-project2 runs on platform default installation.
2015-09-09 12:44:02,817  WARN [Worker-399] - ScalaProject - Project hello-project2 has platform default sourceLevel.
2015-09-09 12:44:02,818  WARN [Worker-399] - ScalaProject - Project hello-project2 runs on platform default installation.
2015-09-09 12:46:20,402  WARN [Worker-393] - ScalaProject - Project hello-project2 has platform default sourceLevel.
2015-09-09 12:46:20,414  WARN [Worker-393] - ScalaProject - Project hello-project2 runs on platform default installation.
2015-09-09 12:46:20,424  WARN [Worker-393] - ScalaProject - Project hello-project2 has platform default sourceLevel.
2015-09-09 12:46:20,424  WARN [Worker-393] - ScalaProject - Project hello-project2 runs on platform default installation.
2015-09-09 12:46:23,253  WARN [Worker-393] - ScalaProject - Project hello-project2 has platform default sourceLevel.
2015-09-09 12:46:23,254  WARN [Worker-393] - ScalaProject - Project hello-project2 runs on platform default installation.
